<?xml version="1.0" encoding="UTF-8"?>
<testsuite xmlns:xsi="http://www.w3.org/2001/XMLSchema-instance" xsi:noNamespaceSchemaLocation="https://maven.apache.org/surefire/maven-surefire-plugin/xsd/surefire-test-report-3.0.xsd" version="3.0" name="TestRunner" time="32.441" tests="9" errors="0" skipped="0" failures="0">
  <properties>
[...]
</properties>
  <testcase name="Given Login form in login page" classname="| mobius@gaiansolutions.com | Gaian@123 |" time="0.002">
    <system-out><![CDATA[Feature: Automated Home Page ORCHESTRATOR PORTAL

  Scenario Outline: User verfies the Home Page                        &amp#27;[90m# HomeTest.feature:5&amp#27;[0m
    &amp#27;[36mGiven &amp#27;[0m&amp#27;[36mLogin form in login page&amp#27;[0m
    &amp#27;[36mWhen &amp#27;[0m&amp#27;[36mSubmit email using "<email>" and password using "<password>"&amp#27;[0m
    &amp#27;[36mThen &amp#27;[0m&amp#27;[36mUser is able to see all the Logos, Buttons in toolBar menu&amp#27;[0m
    &amp#27;[36mAnd &amp#27;[0m&amp#27;[36mUser able to click all the buttons in toolBar menu&amp#27;[0m

    Examples: 
]]></system-out>
    <system-err><![CDATA[SLF4J: No SLF4J providers were found.
SLF4J: Defaulting to no-operation (NOP) logger implementation
SLF4J: See https://www.slf4j.org/codes.html#noProviders for further details.
Starting ChromeDriver 109.0.5414.74 (e7c5703604daa9cc128ccf5a5d3e993513758913-refs/branch-heads/5414@{#1172}) on port 13058
Only local connections are allowed.
Please see https://chromedriver.chromium.org/security-considerations for suggestions on keeping ChromeDriver safe.
ChromeDriver was started successfully.
Feb 23, 2023 6:41:34 PM org.openqa.selenium.remote.ProtocolHandshake createSession
INFO: Detected dialect: W3C
]]></system-err>
  </testcase>
  <testcase name="Given Login form in login page" classname="| mobius@gaiansolutions.com | Gaian@123 |" time="0">
    <system-out><![CDATA[
  Scenario Outline: User verfies the Home Page                                         &amp#27;[90m# HomeTest.feature:13&amp#27;[0m
    &amp#27;[32mGiven &amp#27;[0m&amp#27;[32mLogin form in login page&amp#27;[0m                                                     &amp#27;[90m# LoginSteps.loginPageIsDisplayed()&amp#27;[0m
    &amp#27;[32mWhen &amp#27;[0m&amp#27;[32mSubmit email using "&amp#27;[0m&amp#27;[32m&amp#27;[1mmobius@gaiansolutions.com&amp#27;[0m&amp#27;[32m" and password using "&amp#27;[0m&amp#27;[32m&amp#27;[1mGaian@123&amp#27;[0m&amp#27;[32m"&amp#27;[0m &amp#27;[90m# LoginSteps.submitEmailPassword(String,String)&amp#27;[0m
    &amp#27;[32mThen &amp#27;[0m&amp#27;[32mUser is able to see all the Logos, Buttons in toolBar menu&amp#27;[0m                    &amp#27;[90m# LoginSteps.user_is_able_to_see_all_the_Logos_Buttons_in_toolBar_menu()&amp#27;[0m
    &amp#27;[32mAnd &amp#27;[0m&amp#27;[32mUser able to click all the buttons in toolBar menu&amp#27;[0m                             &amp#27;[90m# LoginSteps.user_able_to_click_all_the_buttons_in_toolBar_menu()&amp#27;[0m
Feature: As a user, I want to Login ORCHESTRATOR PORTAL

  @ValidCase @SomeTags
  Scenario Outline: : Successful login using valid account            &amp#27;[90m# LoginTest.feature:4&amp#27;[0m
    &amp#27;[36mGiven &amp#27;[0m&amp#27;[36mLogin form in login page&amp#27;[0m
    &amp#27;[36mWhen &amp#27;[0m&amp#27;[36mSubmit email using "<email>" and password using "<password>"&amp#27;[0m
    &amp#27;[36mThen &amp#27;[0m&amp#27;[36mThen User verfiy the Page title&amp#27;[0m

    Examples: 
]]></system-out>
    <system-err><![CDATA[Starting ChromeDriver 109.0.5414.74 (e7c5703604daa9cc128ccf5a5d3e993513758913-refs/branch-heads/5414@{#1172}) on port 32152
Only local connections are allowed.
Please see https://chromedriver.chromium.org/security-considerations for suggestions on keeping ChromeDriver safe.
ChromeDriver was started successfully.
Feb 23, 2023 6:41:49 PM org.openqa.selenium.remote.ProtocolHandshake createSession
INFO: Detected dialect: W3C
]]></system-err>
  </testcase>
  <testcase name="When Submit email using &quot;mobius@gaiansolutions.com&quot; and password using &quot;Gaian@123&quot;" classname="| mobius@gaiansolutions.com | Gaian@123 |" time="0"/>
  <testcase name="When Submit email using &quot;mobius@gaiansolutions.com&quot; and password using &quot;Gaian@123&quot;" classname="| mobius@gaiansolutions.com | Gaian@123 |" time="0"/>
  <testcase name="Then User is able to see all the Logos, Buttons in toolBar menu" classname="| mobius@gaiansolutions.com | Gaian@123 |" time="0"/>
  <testcase name="And User able to click all the buttons in toolBar menu" classname="| mobius@gaiansolutions.com | Gaian@123 |" time="0"/>
  <testcase name="" classname="| mobius@gaiansolutions.com | Gaian@123 |" time="0.002"/>
  <testcase name="" classname="| mobius@gaiansolutions.com | Gaian@123 |" time="0.001"/>
  <testcase name="Then Then User verfiy the Page title" classname="| mobius@gaiansolutions.com | Gaian@123 |" time="0">
    <system-out><![CDATA[True
]]></system-out>
  </testcase>
</testsuite>